<?xml version="1.0" encoding="UTF-8"?>
<testsuite name="edu.coursera.concurrent.BankTransactionsTest" time="3.79" tests="1" errors="0" skipped="0" failures="1">
  <properties>
[...]
</properties>
  <testcase name="testObjectIsolation" classname="edu.coursera.concurrent.BankTransactionsTest" time="3.79">
    <failure message="Expected an improvement of at least 5.600000x with object-based isolation, but saw 5.509881x" type="junit.framework.AssertionFailedError">junit.framework.AssertionFailedError: Expected an improvement of at least 5.600000x with object-based isolation, but saw 5.509881x
	at junit.framework.Assert.fail(Assert.java:47)
	at junit.framework.Assert.assertTrue(Assert.java:20)
	at edu.coursera.concurrent.BankTransactionsTest.testObjectIsolation(BankTransactionsTest.java:104)
</failure>
    <system-out><![CDATA[BankTransactionsUsingGlobalIsolation: Performed 800000 transactions with 3000 accounts and 8 threads, in 1553 ms
BankTransactionsUsingGlobalIsolation: Performed 800000 transactions with 3000 accounts and 8 threads, in 1394 ms
BankTransactionsUsingObjectIsolation: Performed 800000 transactions with 3000 accounts and 8 threads, in 569 ms
BankTransactionsUsingObjectIsolation: Performed 800000 transactions with 3000 accounts and 8 threads, in 253 ms
]]></system-out>
  </testcase>
</testsuite>